c:\users\mark\documents\visual studio 2015\projects\openglstuff\openglstuff\debug\vc140.pdb
c:\users\mark\documents\visual studio 2015\projects\openglstuff\openglstuff\debug\vc140.idb
c:\users\mark\documents\visual studio 2015\projects\openglstuff\openglstuff\debug\buffer.obj
c:\users\mark\documents\visual studio 2015\projects\openglstuff\openglstuff\debug\gameobject.obj
c:\users\mark\documents\visual studio 2015\projects\openglstuff\openglstuff\debug\graphics.obj
c:\users\mark\documents\visual studio 2015\projects\openglstuff\openglstuff\debug\logic.obj
c:\users\mark\documents\visual studio 2015\projects\openglstuff\openglstuff\debug\main.obj
c:\users\mark\documents\visual studio 2015\projects\openglstuff\openglstuff\debug\math.obj
c:\users\mark\documents\visual studio 2015\projects\openglstuff\openglstuff\debug\shader.obj
c:\users\mark\documents\visual studio 2015\projects\openglstuff\openglstuff\debug\sprite.obj
c:\users\mark\documents\visual studio 2015\projects\openglstuff\openglstuff\debug\transform.obj
c:\users\mark\documents\visual studio 2015\projects\openglstuff\openglstuff\debug\windowsystem.obj
c:\users\mark\documents\visual studio 2015\projects\openglstuff\openglstuff\debug\physics.obj
c:\users\mark\documents\visual studio 2015\projects\openglstuff\openglstuff\debug\rigidbody.obj
c:\users\mark\documents\visual studio 2015\projects\openglstuff\openglstuff\debug\collider.obj
c:\users\mark\documents\visual studio 2015\projects\openglstuff\openglstuff\debug\input.obj
c:\users\mark\documents\visual studio 2015\projects\openglstuff\openglstuff\debug\playercontroller.obj
c:\users\mark\documents\visual studio 2015\projects\openglstuff\openglstuff\debug\newcollider.obj
c:\users\mark\documents\visual studio 2015\projects\openglstuff\debug\openglstuff.exe
c:\users\mark\documents\visual studio 2015\projects\openglstuff\debug\openglstuff.pdb
c:\users\mark\documents\visual studio 2015\projects\openglstuff\openglstuff\debug\openglstuff.tlog\cl.command.1.tlog
c:\users\mark\documents\visual studio 2015\projects\openglstuff\openglstuff\debug\openglstuff.tlog\cl.read.1.tlog
c:\users\mark\documents\visual studio 2015\projects\openglstuff\openglstuff\debug\openglstuff.tlog\cl.write.1.tlog
c:\users\mark\documents\visual studio 2015\projects\openglstuff\openglstuff\debug\openglstuff.tlog\link.command.1.tlog
c:\users\mark\documents\visual studio 2015\projects\openglstuff\openglstuff\debug\openglstuff.tlog\link.read.1.tlog
c:\users\mark\documents\visual studio 2015\projects\openglstuff\openglstuff\debug\openglstuff.tlog\link.write.1.tlog
