  WindowSystem.cpp
e:\openglstyff\openglstuff\windowsystem.h(5): fatal error C1083: Cannot open include file: 'GL\glew.h': No such file or directory
  Transform.cpp
e:\openglstyff\openglstuff\math.h(8): fatal error C1083: Cannot open include file: 'GL\glew.h': No such file or directory
  Sprite.cpp
e:\openglstyff\openglstuff\math.h(8): fatal error C1083: Cannot open include file: 'GL\glew.h': No such file or directory
  Shader.cpp
e:\openglstyff\openglstuff\shader.h(13): fatal error C1083: Cannot open include file: 'GL\glew.h': No such file or directory
  RigidBody.cpp
e:\openglstyff\openglstuff\rigidbody.h(12): fatal error C1083: Cannot open include file: 'glm\glm.hpp': No such file or directory
  PlayerController.cpp
e:\openglstyff\openglstuff\input.h(10): fatal error C1083: Cannot open include file: 'GL\glew.h': No such file or directory
  Physics.cpp
  ObjectFactory.cpp
e:\openglstyff\openglstuff\math.h(8): fatal error C1083: Cannot open include file: 'GL\glew.h': No such file or directory
  Collider.cpp
e:\openglstyff\openglstuff\collider.h(11): fatal error C1083: Cannot open include file: 'glm\glm.hpp': No such file or directory
  Math.cpp
e:\openglstyff\openglstuff\math.h(8): fatal error C1083: Cannot open include file: 'GL\glew.h': No such file or directory
  main.cpp
e:\openglstyff\openglstuff\main.cpp(3): fatal error C1083: Cannot open include file: 'GL\glew.h': No such file or directory
  Logic.cpp
  Input.cpp
e:\openglstyff\openglstuff\input.cpp(9): fatal error C1083: Cannot open include file: 'GL\glew.h': No such file or directory
  GroundDetection.cpp
e:\openglstyff\openglstuff\math.h(8): fatal error C1083: Cannot open include file: 'GL\glew.h': No such file or directory
  Graphics.cpp
e:\openglstyff\openglstuff\graphics.h(5): fatal error C1083: Cannot open include file: 'GL\glew.h': No such file or directory
  GameObject.cpp
e:\openglstyff\openglstuff\math.h(8): fatal error C1083: Cannot open include file: 'GL\glew.h': No such file or directory
  Buffer.cpp
e:\openglstyff\openglstuff\graphics.h(5): fatal error C1083: Cannot open include file: 'GL\glew.h': No such file or directory
  Generating Code...
